<?xml version="1.0" encoding="UTF-8"?>
<!-- Generated by org.testng.reporters.JUnitXMLReporter -->
<testsuite hostname="COMPUTER" ignored="6" name="Test1" tests="1" failures="1" timestamp="10 May 2022 07:31:35 GMT" time="15.332" errors="0">
  <testcase name="test1" time="2.039" classname="script.Demo1">
    <failure type="java.lang.AssertionError" message="expected [xyz] but found [abcd]">
      <![CDATA[java.lang.AssertionError: expected [xyz] but found [abcd]at script.Demo1.test1(Demo1.java:25)... Removed 31 stack frames]]>
    </failure>
  </testcase> <!-- test1 -->
  <testcase name="@BeforeSuite initReport" time="0.0" classname="generic.BaseTest">
    <ignored/>
  </testcase> <!-- @BeforeSuite initReport -->
  <testcase name="@BeforeSuite initReport" time="0.0" classname="generic.BaseTest">
    <ignored/>
  </testcase> <!-- @BeforeSuite initReport -->
  <testcase name="test2" time="0.0" classname="script.Demo2">
    <ignored/>
  </testcase> <!-- test2 -->
  <testcase name="test3" time="0.0" classname="script.Demo3">
    <ignored/>
  </testcase> <!-- test3 -->
  <testcase name="@AfterSuite publishReport" time="0.0" classname="generic.BaseTest">
    <ignored/>
  </testcase> <!-- @AfterSuite publishReport -->
  <testcase name="@AfterSuite publishReport" time="0.0" classname="generic.BaseTest">
    <ignored/>
  </testcase> <!-- @AfterSuite publishReport -->
</testsuite> <!-- Test1 -->
