<?xml version="1.0" encoding="UTF-8"?>
<testng-results skipped="0" failed="0" ignored="0" total="1" passed="1">
  <reporter-output>
  </reporter-output>
  <suite name="Default suite" duration-ms="117455" started-at="2022-05-13T02:24:40Z" finished-at="2022-05-13T02:26:38Z">
    <groups>
      <group name="smoke">
        <method signature="ValidLogin.testValidLogin(java.lang.String, java.lang.String, java.lang.String)[pri:1, instance:script.ValidLogin@6ddf90b0]" name="testValidLogin" class="script.ValidLogin"/>
      </group> <!-- smoke -->
    </groups>
    <test name="Default test" duration-ms="117455" started-at="2022-05-13T02:24:40Z" finished-at="2022-05-13T02:26:38Z">
      <class name="script.ValidLogin">
        <test-method status="PASS" signature="initReport()[pri:0, instance:script.ValidLogin@6ddf90b0]" name="initReport" is-config="true" duration-ms="1399" started-at="2022-05-13T07:54:39Z" finished-at="2022-05-13T07:54:40Z">
          <reporter-output>
          </reporter-output>
        </test-method> <!-- initReport -->
        <test-method status="PASS" signature="createTest(java.lang.reflect.Method)[pri:0, instance:script.ValidLogin@6ddf90b0]" name="createTest" is-config="true" duration-ms="18" started-at="2022-05-13T07:54:55Z" finished-at="2022-05-13T07:54:55Z">
          <params>
            <param index="0">
              <value>
                <![CDATA[public void script.ValidLogin.testValidLogin(java.lang.String,java.lang.String,java.lang.String)]]>
              </value>
            </param>
          </params>
          <reporter-output>
          </reporter-output>
        </test-method> <!-- createTest -->
        <test-method status="PASS" signature="openApp(java.lang.String)[pri:0, instance:script.ValidLogin@6ddf90b0]" name="openApp" is-config="true" duration-ms="92087" started-at="2022-05-13T07:54:55Z" finished-at="2022-05-13T07:56:27Z">
          <params>
            <param index="0">
              <value>
                <![CDATA[./config.properties]]>
              </value>
            </param>
          </params>
          <reporter-output>
          </reporter-output>
        </test-method> <!-- openApp -->
        <test-method status="PASS" signature="testValidLogin(java.lang.String, java.lang.String, java.lang.String)[pri:1, instance:script.ValidLogin@6ddf90b0]" name="testValidLogin" duration-ms="9460" started-at="2022-05-13T07:56:27Z" data-provider="getData" finished-at="2022-05-13T07:56:37Z">
          <params>
            <param index="0">
              <value>
                <![CDATA[ADMIN]]>
              </value>
            </param>
            <param index="1">
              <value>
                <![CDATA[manager]]>
              </value>
            </param>
            <param index="2">
              <value>
                <![CDATA[actiTIME - Enter Time-Track]]>
              </value>
            </param>
          </params>
          <reporter-output>
          </reporter-output>
        </test-method> <!-- testValidLogin -->
        <test-method status="PASS" signature="closeApp(org.testng.ITestResult)[pri:0, instance:script.ValidLogin@6ddf90b0]" name="closeApp" is-config="true" duration-ms="1042" started-at="2022-05-13T07:56:37Z" finished-at="2022-05-13T07:56:38Z">
          <params>
            <param index="0">
              <value>
                <![CDATA[[TestResult name=testValidLogin status=SUCCESS method=ValidLogin.testValidLogin(java.lang.String, java.lang.String, java.lang.String)[pri:1, instance:script.ValidLogin@6ddf90b0] output={null}]]]>
              </value>
            </param>
          </params>
          <reporter-output>
          </reporter-output>
        </test-method> <!-- closeApp -->
        <test-method status="PASS" signature="publishReport()[pri:0, instance:script.ValidLogin@6ddf90b0]" name="publishReport" is-config="true" duration-ms="1828" started-at="2022-05-13T07:56:38Z" finished-at="2022-05-13T07:56:40Z">
          <reporter-output>
          </reporter-output>
        </test-method> <!-- publishReport -->
      </class> <!-- script.ValidLogin -->
    </test> <!-- Default test -->
  </suite> <!-- Default suite -->
</testng-results>
